<?xml version="1.0" encoding="UTF-8"?>
<!-- Generated by org.testng.reporters.JUnitReportReporter -->
<testsuite skipped="0" hostname="PC-Sagor" name="com.datadriven.loginTestCases.DataDrivenUploadTest" tests="1" failures="0" timestamp="12 Sep 2018 10:43:30 GMT" time="65.134" errors="0">
  <testcase name="uploadVerify" time="65.134" classname="com.datadriven.loginTestCases.DataDrivenUploadTest"/>
</testsuite> <!-- com.datadriven.loginTestCases.DataDrivenUploadTest -->
