<?xml version="1.0" encoding="UTF-8"?>
<!-- Generated by org.testng.reporters.JUnitReportReporter -->
<testsuite skipped="0" hostname="PC-Sagor" name="com.datadriven.loginTestCases.DataDrivenUploadTest" tests="1" failures="0" timestamp="15 Sep 2018 07:39:12 GMT" time="140.428" errors="0">
  <testcase name="uploadVerify" time="140.428" classname="com.datadriven.loginTestCases.DataDrivenUploadTest"/>
</testsuite> <!-- com.datadriven.loginTestCases.DataDrivenUploadTest -->
