<?xml version="1.0" encoding="UTF-8"?>
<!-- Generated by org.testng.reporters.JUnitReportReporter -->
<testsuite skipped="0" hostname="PC-Sagor" name="com.datadriven.loginTestCases.DataDrivenLoginTest" tests="1" failures="0" timestamp="06 Sep 2018 13:56:41 GMT" time="88.246" errors="0">
  <testcase name="loginVerify" time="88.246" classname="com.datadriven.loginTestCases.DataDrivenLoginTest"/>
</testsuite> <!-- com.datadriven.loginTestCases.DataDrivenLoginTest -->
