<?xml version="1.0" encoding="UTF-8"?>
<!-- Generated by org.testng.reporters.JUnitReportReporter -->
<testsuite skipped="0" hostname="PC-Sagor" name="com.datadriven.loginTestCases.DataDrivenUploadTest" tests="1" failures="0" timestamp="11 Sep 2018 07:04:08 GMT" time="68.143" errors="0">
  <testcase name="uploadVerify" time="68.143" classname="com.datadriven.loginTestCases.DataDrivenUploadTest"/>
</testsuite> <!-- com.datadriven.loginTestCases.DataDrivenUploadTest -->
