<?xml version="1.0" encoding="UTF-8"?>
<!-- Generated by org.testng.reporters.JUnitReportReporter -->
<testsuite skipped="0" hostname="PC-Sagor" name="com.datadriven.loginTestCases.DataDrivenLoginTest" tests="1" failures="0" timestamp="03 Sep 2018 07:24:12 GMT" time="122.365" errors="0">
  <testcase name="loginVerify" time="122.365" classname="com.datadriven.loginTestCases.DataDrivenLoginTest"/>
</testsuite> <!-- com.datadriven.loginTestCases.DataDrivenLoginTest -->
