<?xml version="1.0" encoding="UTF-8"?>
<!-- Generated by org.testng.reporters.JUnitReportReporter -->
<testsuite skipped="0" hostname="PC-Sagor" name="com.datadriven.loginTestCases.DataDrivenLoginTest" tests="1" failures="0" timestamp="11 Sep 2018 04:25:06 GMT" time="143.783" errors="0">
  <testcase name="loginVerify" time="143.783" classname="com.datadriven.loginTestCases.DataDrivenLoginTest"/>
</testsuite> <!-- com.datadriven.loginTestCases.DataDrivenLoginTest -->
