<?xml version="1.0" encoding="UTF-8"?>
<!-- Generated by org.testng.reporters.JUnitReportReporter -->
<testsuite skipped="0" hostname="PC-Sagor" name="com.datadriven.loginTestCases.DataDrivenLoginTest" tests="1" failures="0" timestamp="31 Aug 2018 11:40:32 GMT" time="86.583" errors="0">
  <testcase name="loginVerify" time="86.583" classname="com.datadriven.loginTestCases.DataDrivenLoginTest"/>
</testsuite> <!-- com.datadriven.loginTestCases.DataDrivenLoginTest -->
